<?xml version="1.0" encoding="utf-8"?>
<!-- Synthetic pytest-style JUnit report for #963. All names are invented. -->
<testsuites>
  <testsuite name="pytest" errors="1" failures="1" skipped="1" tests="6" time="1.75" timestamp="2026-09-01T10:00:00.000000" hostname="ci-runner">
    <testcase classname="tests.test_basket.TestBasket" name="test_add_item" file="tests/test_basket.py" time="0.250" />
    <testcase classname="tests.test_basket.TestBasket" name="test_remove_item" file="tests/test_basket.py" time="0.5">
      <failure message="assert 2 == 1 &amp; more">tests/test_basket.py:12: AssertionError
<![CDATA[expected <1> got <2>]]></failure>
    </testcase>
    <testcase classname="tests.test_basket.TestBasket" name="test_total" file="tests/test_basket.py">
      <error message="fixture setup failed">RuntimeError: boom</error>
    </testcase>
    <testcase classname="tests.test_basket" name="test_discount" file="tests/test_basket.py" time="0.001">
      <skipped type="pytest.skip" message="not ready">skipped</skipped>
    </testcase>
    <testcase classname="tests.test_basket" name="test_retry_me" time="0.4">
      <failure message="first attempt failed">flaky network</failure>
    </testcase>
    <testcase classname="tests.test_basket" name="test_retry_me" time="0.6" />
  </testsuite>
</testsuites>
